<?xml version="1.0" encoding="UTF-8"?>
<!-- Generated by org.testng.reporters.JUnitReportReporter -->
<testsuite hostname="Sanatan" failures="0" tests="1" name="testcases.LoginTest" time="6.373" errors="0" timestamp="2025-06-15T01:06:21 IST" skipped="0">
  <testcase classname="testcases.LoginTest" name="Login" time="6.373"/>
</testsuite> <!-- testcases.LoginTest -->
