<?xml version="1.0" encoding="UTF-8"?>
<!-- Generated by org.testng.reporters.JUnitReportReporter -->
<testsuite hostname="Sanatan" failures="0" tests="1" name="LoginPage" time="9.556" errors="0" timestamp="2025-06-14T21:54:03 IST" skipped="0">
  <testcase classname="LoginPage" name="Login" time="9.556"/>
</testsuite> <!-- LoginPage -->
